{"item": "Wearable fitness tracker", "user": 713, "date": "2023-09-28T23:11:40Z"}
{"item": "camera", "user": 449, "date": "2023-09-28T23:11:40Z"}
{"item": "hard disk drive", "user": 477, "date": "2023-09-28T23:11:40Z"}
{"item": "microphone", "user": 85, "date": "2023-09-28T23:11:40Z"}
{"item": "power bank", "user": 220, "date": "2023-09-28T23:11:40Z"}
{"item": "wireless microphone", "user": 812, "date": "2023-09-28T23:11:40Z"}
{"item": "bluetooth speaker", "user": 654, "date": "2023-09-28T23:11:40Z"}
{"item": "POS system", "user": 222, "date": "2023-09-28T23:11:40Z"}
{"item": "bluetooth speaker", "user": 857, "date": "2023-09-28T23:11:40Z"}
{"item": "Raspberry Pi", "user": 274, "date": "2023-09-28T23:11:40Z"}
{"item": "circuit simulator", "user": 340, "date": "2023-09-28T23:11:40Z"}
{"item": "external DVD drive", "user": 397, "date": "2023-09-28T23:11:40Z"}
{"item": "universal remote", "user": 857, "date": "2023-09-28T23:11:40Z"}
{"item": "VR treadmill", "user": 67, "date": "2023-09-28T23:11:40Z"}
{"item": "barcode scanner", "user": 709, "date": "2023-09-28T23:11:40Z"}
{"item": "motion sensor", "user": 655, "date": "2023-09-28T23:11:40Z"}
{"item": "power supply unit", "user": 177, "date": "2023-09-28T23:11:40Z"}
{"item": "camera", "user": 412, "date": "2023-09-28T23:11:40Z"}
{"item": "smart scale", "user": 562, "date": "2023-09-28T23:11:40Z"}
{"item": "circuit board", "user": 886, "date": "2023-09-28T23:11:40Z"}
{"item": "fitness tracker", "user": 547, "date": "2023-09-28T23:11:40Z"}
{"item": "handheld scanner", "user": 315, "date": "2023-09-28T23:11:40Z"}
{"item": "LED matrix display", "user": 256, "date": "2023-09-28T23:11:40Z"}
{"item": "printer", "user": 578, "date": "2023-09-28T23:11:40Z"}
{"item": "soundbar", "user": 860, "date": "2023-09-28T23:11:40Z"}
{"item": "video switcher", "user": 324, "date": "2023-09-28T23:11:40Z"}
{"item": "graphing tablet", "user": 556, "date": "2023-09-28T23:11:40Z"}
{"item": "robotic software", "user": 883, "date": "2023-09-28T23:11:40Z"}
{"item": "RFID reader", "user": 680, "date": "2023-09-28T23:11:40Z"}
{"item": "gaming mouse", "user": 34, "date": "2023-09-28T23:11:40Z"}
{"item": "laser pointer", "user": 774, "date": "2023-09-28T23:11:40Z"}
{"item": "wireless charger", "user": 538, "date": "2023-09-28T23:11:40Z"}
{"item": "signal oscilloscope", "user": 571, "date": "2023-09-28T23:11:40Z"}
{"item": "cable tester", "user": 474, "date": "2023-09-28T23:11:40Z"}
{"item": "video switcher", "user": 647, "date": "2023-09-28T23:11:40Z"}
{"item": "graphics card", "user": 613, "date": "2023-09-28T23:11:40Z"}
{"item": "3D printer", "user": 347, "date": "2023-09-28T23:11:40Z"}
{"item": "laptop", "user": 365, "date": "2023-09-28T23:11:40Z"}
{"item": "power supply unit", "user": 708, "date": "2023-09-28T23:11:40Z"}
{"item": "robot lawn mower", "user": 375, "date": "2023-09-28T23:11:40Z"}
{"item": "laser printer", "user": 366, "date": "2023-09-28T23:11:40Z"}
{"item": "gaming mouse", "user": 46, "date": "2023-09-28T23:11:40Z"}
{"item": "smart gloves", "user": 675, "date": "2023-09-28T23:11:40Z"}
{"item": "universal remote", "user": 387, "date": "2023-09-28T23:11:40Z"}
{"item": "USB flash drive", "user": 33, "date": "2023-09-28T23:11:40Z"}
{"item": "keyboard", "user": 773, "date": "2023-09-28T23:11:40Z"}
{"item": "smart mirror", "user": 982, "date": "2023-09-28T23:11:40Z"}
{"item": "smartwatch", "user": 540, "date": "2023-09-28T23:11:40Z"}
{"item": "robotic arm", "user": 2, "date": "2023-09-28T23:11:40Z"}
{"item": "SIM card reader", "user": 372, "date": "2023-09-28T23:11:40Z"}
