{"item": "smart bulb", "user": 725, "date": "2023-09-28T22:13:16Z"}
{"item": "thermal imaging camera", "user": 867, "date": "2023-09-28T22:13:16Z"}
{"item": "router", "user": 956, "date": "2023-09-28T22:13:16Z"}
{"item": "electronic scale", "user": 708, "date": "2023-09-28T22:13:16Z"}
{"item": "smart bulb", "user": 479, "date": "2023-09-28T22:13:16Z"}
{"item": "smart glasses", "user": 985, "date": "2023-09-28T22:13:16Z"}
{"item": "laser printer", "user": 217, "date": "2023-09-28T22:13:16Z"}
{"item": "robotic prosthetic", "user": 889, "date": "2023-09-28T22:13:16Z"}
{"item": "smart gloves", "user": 550, "date": "2023-09-28T22:13:16Z"}
{"item": "headphones", "user": 266, "date": "2023-09-28T22:13:16Z"}
{"item": "robotic kit", "user": 546, "date": "2023-09-28T22:13:16Z"}
{"item": "fitness tracker", "user": 756, "date": "2023-09-28T22:13:16Z"}
{"item": "smartphone", "user": 356, "date": "2023-09-28T22:13:16Z"}
{"item": "e-reader", "user": 346, "date": "2023-09-28T22:13:16Z"}
{"item": "USB hub", "user": 492, "date": "2023-09-28T22:13:16Z"}
{"item": "gaming console", "user": 481, "date": "2023-09-28T22:13:16Z"}
{"item": "colorimeter", "user": 920, "date": "2023-09-28T22:13:16Z"}
{"item": "drone", "user": 387, "date": "2023-09-28T22:13:16Z"}
{"item": "smart bulb", "user": 587, "date": "2023-09-28T22:13:16Z"}
{"item": "robotic sensor", "user": 14, "date": "2023-09-28T22:13:16Z"}
{"item": "smart belt", "user": 57, "date": "2023-09-28T22:13:16Z"}
{"item": "virtual reality headset", "user": 326, "date": "2023-09-28T22:13:16Z"}
{"item": "HDMI splitter", "user": 753, "date": "2023-09-28T22:13:16Z"}
{"item": "robot vacuum", "user": 489, "date": "2023-09-28T22:13:16Z"}
{"item": "USB microphone", "user": 189, "date": "2023-09-28T22:13:16Z"}
{"item": "e-reader", "user": 511, "date": "2023-09-28T22:13:16Z"}
{"item": "solid-state drive", "user": 240, "date": "2023-09-28T22:13:16Z"}
{"item": "inkjet printer", "user": 272, "date": "2023-09-28T22:13:16Z"}
{"item": "hard disk drive", "user": 139, "date": "2023-09-28T22:13:16Z"}
{"item": "Wearable fitness tracker", "user": 77, "date": "2023-09-28T22:13:16Z"}
{"item": "VR headset", "user": 353, "date": "2023-09-28T22:13:16Z"}
{"item": "video switcher", "user": 466, "date": "2023-09-28T22:13:16Z"}
{"item": "USB microscope", "user": 323, "date": "2023-09-28T22:13:16Z"}
{"item": "signal analyzer", "user": 527, "date": "2023-09-28T22:13:16Z"}
{"item": "VR headset", "user": 281, "date": "2023-09-28T22:13:16Z"}
{"item": "Bluetooth headphones", "user": 92, "date": "2023-09-28T22:13:16Z"}
{"item": "microphone", "user": 957, "date": "2023-09-28T22:13:16Z"}
{"item": "dual monitor stand", "user": 571, "date": "2023-09-28T22:13:16Z"}
{"item": "smart thermostat", "user": 152, "date": "2023-09-28T22:13:16Z"}
{"item": "video switcher", "user": 54, "date": "2023-09-28T22:13:16Z"}
{"item": "RAM", "user": 774, "date": "2023-09-28T22:13:16Z"}
{"item": "USB microphone", "user": 703, "date": "2023-09-28T22:13:16Z"}
{"item": "TV wall mount", "user": 955, "date": "2023-09-28T22:13:16Z"}
{"item": "barometric pressure sensor", "user": 217, "date": "2023-09-28T22:13:16Z"}
{"item": "robot lawn mower", "user": 737, "date": "2023-09-28T22:13:16Z"}
{"item": "e-reader", "user": 939, "date": "2023-09-28T22:13:16Z"}
{"item": "CNC machine", "user": 511, "date": "2023-09-28T22:13:16Z"}
{"item": "smartwatch", "user": 421, "date": "2023-09-28T22:13:16Z"}
{"item": "microSD card", "user": 345, "date": "2023-09-28T22:13:16Z"}
{"item": "robot arm", "user": 463, "date": "2023-09-28T22:13:16Z"}
