{"item": "universal remote", "user": 754, "date": "2023-09-28T22:15:41Z"}
{"item": "wireless headphones", "user": 480, "date": "2023-09-28T22:15:41Z"}
{"item": "Wearable fitness tracker", "user": 66, "date": "2023-09-28T22:15:41Z"}
{"item": "electronic scale", "user": 578, "date": "2023-09-28T22:15:41Z"}
{"item": "tablet", "user": 842, "date": "2023-09-28T22:15:41Z"}
{"item": "circuit simulator", "user": 94, "date": "2023-09-28T22:15:41Z"}
{"item": "signal oscilloscope", "user": 645, "date": "2023-09-28T22:15:41Z"}
{"item": "GPS tracker", "user": 500, "date": "2023-09-28T22:15:41Z"}
{"item": "wireless presenter", "user": 292, "date": "2023-09-28T22:15:41Z"}
{"item": "USB-C dock", "user": 450, "date": "2023-09-28T22:15:41Z"}
{"item": "laser pointer", "user": 648, "date": "2023-09-28T22:15:41Z"}
{"item": "laser printer", "user": 355, "date": "2023-09-28T22:15:41Z"}
{"item": "voice recorder", "user": 381, "date": "2023-09-28T22:15:41Z"}
{"item": "home theater projector", "user": 132, "date": "2023-09-28T22:15:41Z"}
{"item": "computer processor", "user": 907, "date": "2023-09-28T22:15:41Z"}
{"item": "mouse", "user": 803, "date": "2023-09-28T22:15:41Z"}
{"item": "smart plug", "user": 498, "date": "2023-09-28T22:15:41Z"}
{"item": "robot lawn mower", "user": 357, "date": "2023-09-28T22:15:41Z"}
{"item": "circuit board", "user": 326, "date": "2023-09-28T22:15:41Z"}
{"item": "scientific calculator", "user": 230, "date": "2023-09-28T22:15:41Z"}
{"item": "smartwatch", "user": 9, "date": "2023-09-28T22:15:41Z"}
{"item": "soldering iron", "user": 623, "date": "2023-09-28T22:15:41Z"}
{"item": "soldering station", "user": 498, "date": "2023-09-28T22:15:41Z"}
{"item": "smart scale", "user": 454, "date": "2023-09-28T22:15:41Z"}
{"item": "thermal imaging camera", "user": 691, "date": "2023-09-28T22:15:41Z"}
{"item": "circuit board", "user": 670, "date": "2023-09-28T22:15:41Z"}
{"item": "signal oscilloscope", "user": 603, "date": "2023-09-28T22:15:41Z"}
{"item": "HDMI splitter", "user": 632, "date": "2023-09-28T22:15:41Z"}
{"item": "dual monitor stand", "user": 458, "date": "2023-09-28T22:15:41Z"}
{"item": "smart thermostat", "user": 668, "date": "2023-09-28T22:15:41Z"}
{"item": "thermal paste", "user": 163, "date": "2023-09-28T22:15:41Z"}
{"item": "thermal paste", "user": 748, "date": "2023-09-28T22:15:41Z"}
{"item": "3D printer", "user": 957, "date": "2023-09-28T22:15:41Z"}
{"item": "colorimeter", "user": 326, "date": "2023-09-28T22:15:41Z"}
{"item": "USB flash drive", "user": 241, "date": "2023-09-28T22:15:41Z"}
{"item": "circuit simulator", "user": 11, "date": "2023-09-28T22:15:41Z"}
{"item": "gaming headset", "user": 126, "date": "2023-09-28T22:15:41Z"}
{"item": "wireless presenter", "user": 453, "date": "2023-09-28T22:15:41Z"}
{"item": "power supply unit", "user": 803, "date": "2023-09-28T22:15:41Z"}
{"item": "stylus pen", "user": 236, "date": "2023-09-28T22:15:41Z"}
{"item": "CNC machine", "user": 589, "date": "2023-09-28T22:15:41Z"}
{"item": "GPS device", "user": 717, "date": "2023-09-28T22:15:41Z"}
{"item": "microphone", "user": 189, "date": "2023-09-28T22:15:41Z"}
{"item": "signal analyzer", "user": 343, "date": "2023-09-28T22:15:41Z"}
{"item": "GPS tracker", "user": 276, "date": "2023-09-28T22:15:41Z"}
{"item": "thermal imaging camera", "user": 985, "date": "2023-09-28T22:15:41Z"}
{"item": "laptop", "user": 485, "date": "2023-09-28T22:15:41Z"}
{"item": "graphics card", "user": 85, "date": "2023-09-28T22:15:41Z"}
{"item": "RFID tag", "user": 793, "date": "2023-09-28T22:15:41Z"}
{"item": "power supply unit", "user": 592, "date": "2023-09-28T22:15:41Z"}
