{"item": "soldering station", "user": 888, "date": "2023-09-28T22:15:51Z"}
{"item": "RFID tag", "user": 847, "date": "2023-09-28T22:15:51Z"}
{"item": "e-reader", "user": 387, "date": "2023-09-28T22:15:51Z"}
{"item": "robot arm", "user": 657, "date": "2023-09-28T22:15:51Z"}
{"item": "action camera", "user": 583, "date": "2023-09-28T22:15:51Z"}
{"item": "robotic controller", "user": 865, "date": "2023-09-28T22:15:51Z"}
{"item": "robot arm", "user": 988, "date": "2023-09-28T22:15:51Z"}
{"item": "USB flash drive", "user": 87, "date": "2023-09-28T22:15:51Z"}
{"item": "gaming headset", "user": 57, "date": "2023-09-28T22:15:51Z"}
{"item": "wireless charger", "user": 313, "date": "2023-09-28T22:15:51Z"}
{"item": "power supply unit", "user": 375, "date": "2023-09-28T22:15:51Z"}
{"item": "game controller", "user": 879, "date": "2023-09-28T22:15:51Z"}
{"item": "smart ring", "user": 222, "date": "2023-09-28T22:15:51Z"}
{"item": "e-reader", "user": 646, "date": "2023-09-28T22:15:51Z"}
{"item": "POS system", "user": 444, "date": "2023-09-28T22:15:51Z"}
{"item": "smart lock", "user": 304, "date": "2023-09-28T22:15:51Z"}
{"item": "universal remote", "user": 385, "date": "2023-09-28T22:15:51Z"}
{"item": "microSD card", "user": 314, "date": "2023-09-28T22:15:51Z"}
{"item": "game controller", "user": 917, "date": "2023-09-28T22:15:51Z"}
{"item": "robot kit", "user": 390, "date": "2023-09-28T22:15:51Z"}
{"item": "portable charger", "user": 183, "date": "2023-09-28T22:15:51Z"}
{"item": "computer case", "user": 675, "date": "2023-09-28T22:15:51Z"}
{"item": "motion sensor", "user": 695, "date": "2023-09-28T22:15:51Z"}
{"item": "TV wall mount", "user": 205, "date": "2023-09-28T22:15:51Z"}
{"item": "motherboard", "user": 285, "date": "2023-09-28T22:15:51Z"}
{"item": "drone charger", "user": 263, "date": "2023-09-28T22:15:51Z"}
{"item": "action camera", "user": 602, "date": "2023-09-28T22:15:51Z"}
{"item": "soldering iron", "user": 368, "date": "2023-09-28T22:15:51Z"}
{"item": "ethernet cable", "user": 212, "date": "2023-09-28T22:15:51Z"}
{"item": "RFID tag", "user": 374, "date": "2023-09-28T22:15:51Z"}
{"item": "headphones", "user": 705, "date": "2023-09-28T22:15:51Z"}
{"item": "portable charger", "user": 287, "date": "2023-09-28T22:15:51Z"}
{"item": "RFID tag", "user": 278, "date": "2023-09-28T22:15:51Z"}
{"item": "computer processor", "user": 433, "date": "2023-09-28T22:15:51Z"}
{"item": "SIM card reader", "user": 398, "date": "2023-09-28T22:15:51Z"}
{"item": "wireless charger", "user": 174, "date": "2023-09-28T22:15:51Z"}
{"item": "GPS tracker", "user": 673, "date": "2023-09-28T22:15:51Z"}
{"item": "wireless keyboard", "user": 983, "date": "2023-09-28T22:15:51Z"}
{"item": "smartphone", "user": 307, "date": "2023-09-28T22:15:51Z"}
{"item": "gaming headset", "user": 697, "date": "2023-09-28T22:15:51Z"}
{"item": "graphics card", "user": 66, "date": "2023-09-28T22:15:51Z"}
{"item": "GoPro camera", "user": 823, "date": "2023-09-28T22:15:51Z"}
{"item": "voice recorder", "user": 213, "date": "2023-09-28T22:15:51Z"}
{"item": "wireless headphones", "user": 926, "date": "2023-09-28T22:15:51Z"}
{"item": "scientific calculator", "user": 483, "date": "2023-09-28T22:15:51Z"}
{"item": "VR headset", "user": 489, "date": "2023-09-28T22:15:51Z"}
{"item": "solar panel", "user": 915, "date": "2023-09-28T22:15:51Z"}
{"item": "video switcher", "user": 744, "date": "2023-09-28T22:15:51Z"}
{"item": "mouse", "user": 78, "date": "2023-09-28T22:15:51Z"}
{"item": "gaming headset", "user": 521, "date": "2023-09-28T22:15:51Z"}
