{"item": "robotic software", "user": 478, "date": "2023-09-28T22:15:30Z"}
{"item": "soldering station", "user": 293, "date": "2023-09-28T22:15:30Z"}
{"item": "headphones", "user": 429, "date": "2023-09-28T22:15:30Z"}
{"item": "wireless charger", "user": 652, "date": "2023-09-28T22:15:30Z"}
{"item": "walkie-talkie", "user": 195, "date": "2023-09-28T22:15:30Z"}
{"item": "Wearable fitness tracker", "user": 936, "date": "2023-09-28T22:15:30Z"}
{"item": "gaming console", "user": 94, "date": "2023-09-28T22:15:30Z"}
{"item": "smart mirror", "user": 947, "date": "2023-09-28T22:15:30Z"}
{"item": "smart scale", "user": 500, "date": "2023-09-28T22:15:30Z"}
{"item": "digital hygrometer", "user": 651, "date": "2023-09-28T22:15:30Z"}
{"item": "smart belt", "user": 454, "date": "2023-09-28T22:15:30Z"}
{"item": "voice recorder", "user": 480, "date": "2023-09-28T22:15:30Z"}
{"item": "Raspberry Pi", "user": 523, "date": "2023-09-28T22:15:30Z"}
{"item": "gaming mouse", "user": 525, "date": "2023-09-28T22:15:30Z"}
{"item": "USB flash drive", "user": 596, "date": "2023-09-28T22:15:30Z"}
{"item": "wireless presenter", "user": 249, "date": "2023-09-28T22:15:30Z"}
{"item": "barcode scanner", "user": 58, "date": "2023-09-28T22:15:30Z"}
{"item": "power supply unit", "user": 862, "date": "2023-09-28T22:15:30Z"}
{"item": "smart gloves", "user": 862, "date": "2023-09-28T22:15:30Z"}
{"item": "robot arm", "user": 629, "date": "2023-09-28T22:15:30Z"}
{"item": "laptop", "user": 954, "date": "2023-09-28T22:15:30Z"}
{"item": "signal generator", "user": 872, "date": "2023-09-28T22:15:30Z"}
{"item": "ethernet cable", "user": 354, "date": "2023-09-28T22:15:30Z"}
{"item": "solar calculator", "user": 377, "date": "2023-09-28T22:15:30Z"}
{"item": "GPS tracker", "user": 787, "date": "2023-09-28T22:15:30Z"}
{"item": "RAM", "user": 475, "date": "2023-09-28T22:15:30Z"}
{"item": "e-ink display", "user": 120, "date": "2023-09-28T22:15:30Z"}
{"item": "smartphone", "user": 584, "date": "2023-09-28T22:15:30Z"}
{"item": "wireless charger", "user": 707, "date": "2023-09-28T22:15:30Z"}
{"item": "HDMI cable", "user": 875, "date": "2023-09-28T22:15:30Z"}
{"item": "circuit board", "user": 907, "date": "2023-09-28T22:15:30Z"}
{"item": "VR headset", "user": 696, "date": "2023-09-28T22:15:30Z"}
{"item": "microcontroller", "user": 684, "date": "2023-09-28T22:15:30Z"}
{"item": "digital photo frame", "user": 180, "date": "2023-09-28T22:15:30Z"}
{"item": "HDMI splitter", "user": 169, "date": "2023-09-28T22:15:30Z"}
{"item": "digital oscilloscope", "user": 244, "date": "2023-09-28T22:15:30Z"}
{"item": "cable tester", "user": 829, "date": "2023-09-28T22:15:30Z"}
{"item": "robotic controller", "user": 250, "date": "2023-09-28T22:15:30Z"}
{"item": "power strip", "user": 116, "date": "2023-09-28T22:15:30Z"}
{"item": "barometric pressure sensor", "user": 883, "date": "2023-09-28T22:15:30Z"}
{"item": "RFID tag", "user": 52, "date": "2023-09-28T22:15:30Z"}
{"item": "robotic sensor", "user": 733, "date": "2023-09-28T22:15:30Z"}
{"item": "signal generator", "user": 902, "date": "2023-09-28T22:15:30Z"}
{"item": "voice recorder", "user": 397, "date": "2023-09-28T22:15:30Z"}
{"item": "USB hub", "user": 775, "date": "2023-09-28T22:15:30Z"}
{"item": "USB microphone", "user": 434, "date": "2023-09-28T22:15:30Z"}
{"item": "wireless mouse", "user": 930, "date": "2023-09-28T22:15:30Z"}
{"item": "VR headset", "user": 222, "date": "2023-09-28T22:15:30Z"}
{"item": "power supply unit", "user": 305, "date": "2023-09-28T22:15:30Z"}
{"item": "HDMI cable", "user": 507, "date": "2023-09-28T22:15:30Z"}
